<?xml version="1.0" encoding="UTF-8"?><testsuite failures="63" name="phpstan" tests="63" xmlns:xsi="http://www.w3.org/2001/XMLSchema-instance" xsi:noNamespaceSchemaLocation="https://raw.githubusercontent.com/junit-team/junit5/r5.5.1/platform-tests/src/test/resources/jenkins-junit.xsd"><testcase name="src/DatabaseVulnerability.php:11"><failure type="ERROR" message="Property App\DatabaseVulnerability::$pdo has no type specified." /></testcase><testcase name="src/DatabaseVulnerability.php:13"><failure type="ERROR" message="Method App\DatabaseVulnerability::__construct() has parameter $pdo with no type specified." /></testcase><testcase name="src/DatabaseVulnerability.php:22"><failure type="ERROR" message="Method App\DatabaseVulnerability::getUserById() has no return type specified." /></testcase><testcase name="src/DatabaseVulnerability.php:22"><failure type="ERROR" message="Method App\DatabaseVulnerability::getUserById() has parameter $id with no type specified." /></testcase><testcase name="src/DatabaseVulnerability.php:33"><failure type="ERROR" message="Method App\DatabaseVulnerability::searchUsers() has no return type specified." /></testcase><testcase name="src/DatabaseVulnerability.php:33"><failure type="ERROR" message="Method App\DatabaseVulnerability::searchUsers() has parameter $name with no type specified." /></testcase><testcase name="src/DatabaseVulnerability.php:44"><failure type="ERROR" message="Method App\DatabaseVulnerability::deleteUser() has no return type specified." /></testcase><testcase name="src/DatabaseVulnerability.php:44"><failure type="ERROR" message="Method App\DatabaseVulnerability::deleteUser() has parameter $userId with no type specified." /></testcase><testcase name="src/DeadCodeVulnerability.php:15"><failure type="ERROR" message="Method App\DeadCodeVulnerability::unreachableCode() has no return type specified." /></testcase><testcase name="src/DeadCodeVulnerability.php:15"><failure type="ERROR" message="Method App\DeadCodeVulnerability::unreachableCode() has parameter $value with no type specified." /></testcase><testcase name="src/DeadCodeVulnerability.php:20"><failure type="ERROR" message="Unreachable statement - code above always terminates." /></testcase><testcase name="src/DeadCodeVulnerability.php:28"><failure type="ERROR" message="Method App\DeadCodeVulnerability::unusedMethod() has no return type specified." /></testcase><testcase name="src/DeadCodeVulnerability.php:28"><failure type="ERROR" message="Method App\DeadCodeVulnerability::unusedMethod() is unused." /></testcase><testcase name="src/DeadCodeVulnerability.php:37"><failure type="ERROR" message="Method App\DeadCodeVulnerability::unusedVariable() has no return type specified." /></testcase><testcase name="src/DeadCodeVulnerability.php:49"><failure type="ERROR" message="Method App\DeadCodeVulnerability::alwaysTrueCondition() has no return type specified." /></testcase><testcase name="src/DeadCodeVulnerability.php:52"><failure type="ERROR" message="Comparison operation &quot;&gt;&quot; between 10 and 5 is always true." /></testcase><testcase name="src/DeadCodeVulnerability.php:54"><failure type="ERROR" message="Else branch is unreachable because previous condition is always true." /></testcase><testcase name="src/DeadCodeVulnerability.php:63"><failure type="ERROR" message="Method App\DeadCodeVulnerability::infiniteLoop() has no return type specified." /></testcase><testcase name="src/FileVulnerability.php:15"><failure type="ERROR" message="Method App\FileVulnerability::readFile() has no return type specified." /></testcase><testcase name="src/FileVulnerability.php:15"><failure type="ERROR" message="Method App\FileVulnerability::readFile() has parameter $filename with no type specified." /></testcase><testcase name="src/FileVulnerability.php:26"><failure type="ERROR" message="Method App\FileVulnerability::saveFile() has no return type specified." /></testcase><testcase name="src/FileVulnerability.php:26"><failure type="ERROR" message="Method App\FileVulnerability::saveFile() has parameter $content with no type specified." /></testcase><testcase name="src/FileVulnerability.php:26"><failure type="ERROR" message="Method App\FileVulnerability::saveFile() has parameter $path with no type specified." /></testcase><testcase name="src/FileVulnerability.php:36"><failure type="ERROR" message="Method App\FileVulnerability::loadTemplate() has no return type specified." /></testcase><testcase name="src/FileVulnerability.php:36"><failure type="ERROR" message="Method App\FileVulnerability::loadTemplate() has parameter $templateName with no type specified." /></testcase><testcase name="src/FileVulnerability.php:46"><failure type="ERROR" message="Method App\FileVulnerability::handleUpload() has no return type specified." /></testcase><testcase name="src/FileVulnerability.php:46"><failure type="ERROR" message="Method App\FileVulnerability::handleUpload() has parameter $uploadedFile with no type specified." /></testcase><testcase name="src/SecurityVulnerability.php:15"><failure type="ERROR" message="Method App\SecurityVulnerability::generateToken() has no return type specified." /></testcase><testcase name="src/SecurityVulnerability.php:18"><failure type="ERROR" message="Parameter #1 $string of function md5 expects string, int&lt;0, max&gt; given." /></testcase><testcase name="src/SecurityVulnerability.php:25"><failure type="ERROR" message="Method App\SecurityVulnerability::hashPassword() has no return type specified." /></testcase><testcase name="src/SecurityVulnerability.php:25"><failure type="ERROR" message="Method App\SecurityVulnerability::hashPassword() has parameter $password with no type specified." /></testcase><testcase name="src/SecurityVulnerability.php:35"><failure type="ERROR" message="Method App\SecurityVulnerability::executeCode() has no return type specified." /></testcase><testcase name="src/SecurityVulnerability.php:35"><failure type="ERROR" message="Method App\SecurityVulnerability::executeCode() has parameter $code with no type specified." /></testcase><testcase name="src/SecurityVulnerability.php:45"><failure type="ERROR" message="Method App\SecurityVulnerability::pingHost() has no return type specified." /></testcase><testcase name="src/SecurityVulnerability.php:45"><failure type="ERROR" message="Method App\SecurityVulnerability::pingHost() has parameter $host with no type specified." /></testcase><testcase name="src/SecurityVulnerability.php:56"><failure type="ERROR" message="Method App\SecurityVulnerability::loadData() has no return type specified." /></testcase><testcase name="src/SecurityVulnerability.php:56"><failure type="ERROR" message="Method App\SecurityVulnerability::loadData() has parameter $serializedData with no type specified." /></testcase><testcase name="src/SecurityVulnerability.php:66"><failure type="ERROR" message="Method App\SecurityVulnerability::login() has no return type specified." /></testcase><testcase name="src/SecurityVulnerability.php:66"><failure type="ERROR" message="Method App\SecurityVulnerability::login() has parameter $password with no type specified." /></testcase><testcase name="src/SecurityVulnerability.php:66"><failure type="ERROR" message="Method App\SecurityVulnerability::login() has parameter $username with no type specified." /></testcase><testcase name="src/TypeSafetyVulnerability.php:15"><failure type="ERROR" message="Method App\TypeSafetyVulnerability::useUndefinedVariable() has no return type specified." /></testcase><testcase name="src/TypeSafetyVulnerability.php:18"><failure type="ERROR" message="Undefined variable: $result" /></testcase><testcase name="src/TypeSafetyVulnerability.php:28"><failure type="ERROR" message="Method App\TypeSafetyVulnerability::getUserName() has no return type specified." /></testcase><testcase name="src/TypeSafetyVulnerability.php:28"><failure type="ERROR" message="Method App\TypeSafetyVulnerability::getUserName() has parameter $user with no type specified." /></testcase><testcase name="src/TypeSafetyVulnerability.php:38"><failure type="ERROR" message="Method App\TypeSafetyVulnerability::getData() has no return type specified." /></testcase><testcase name="src/TypeSafetyVulnerability.php:38"><failure type="ERROR" message="Method App\TypeSafetyVulnerability::getData() has parameter $flag with no type specified." /></testcase><testcase name="src/TypeSafetyVulnerability.php:50"><failure type="ERROR" message="Method App\TypeSafetyVulnerability::getConfigValue() has no return type specified." /></testcase><testcase name="src/TypeSafetyVulnerability.php:50"><failure type="ERROR" message="Method App\TypeSafetyVulnerability::getConfigValue() has parameter $config with no type specified." /></testcase><testcase name="src/TypeSafetyVulnerability.php:50"><failure type="ERROR" message="Method App\TypeSafetyVulnerability::getConfigValue() has parameter $key with no type specified." /></testcase><testcase name="src/TypeSafetyVulnerability.php:60"><failure type="ERROR" message="Method App\TypeSafetyVulnerability::calculateTotal() has no return type specified." /></testcase><testcase name="src/TypeSafetyVulnerability.php:60"><failure type="ERROR" message="Method App\TypeSafetyVulnerability::calculateTotal() has parameter $price with no type specified." /></testcase><testcase name="src/TypeSafetyVulnerability.php:60"><failure type="ERROR" message="Method App\TypeSafetyVulnerability::calculateTotal() has parameter $quantity with no type specified." /></testcase><testcase name="src/TypeSafetyVulnerability.php:70"><failure type="ERROR" message="Method App\TypeSafetyVulnerability::processOptionalData() has no return type specified." /></testcase><testcase name="src/TypeSafetyVulnerability.php:73"><failure type="ERROR" message="Parameter #1 $string of function strlen expects string, string|null given." /></testcase><testcase name="src/XssVulnerability.php:15"><failure type="ERROR" message="Method App\XssVulnerability::displayUserInput() has no return type specified." /></testcase><testcase name="src/XssVulnerability.php:15"><failure type="ERROR" message="Method App\XssVulnerability::displayUserInput() has parameter $userInput with no type specified." /></testcase><testcase name="src/XssVulnerability.php:25"><failure type="ERROR" message="Method App\XssVulnerability::renderComment() has no return type specified." /></testcase><testcase name="src/XssVulnerability.php:25"><failure type="ERROR" message="Method App\XssVulnerability::renderComment() has parameter $comment with no type specified." /></testcase><testcase name="src/XssVulnerability.php:34"><failure type="ERROR" message="Method App\XssVulnerability::showMessage() has no return type specified." /></testcase><testcase name="src/XssVulnerability.php:34"><failure type="ERROR" message="Method App\XssVulnerability::showMessage() has parameter $message with no type specified." /></testcase><testcase name="src/XssVulnerability.php:43"><failure type="ERROR" message="Method App\XssVulnerability::createLink() has no return type specified." /></testcase><testcase name="src/XssVulnerability.php:43"><failure type="ERROR" message="Method App\XssVulnerability::createLink() has parameter $title with no type specified." /></testcase><testcase name="src/XssVulnerability.php:43"><failure type="ERROR" message="Method App\XssVulnerability::createLink() has parameter $url with no type specified." /></testcase></testsuite>