<?xml version="1.0" encoding="UTF-8"?>
<testsuites failures="20" errors="0" name="psalm" tests="77" xmlns:xsi="http://www.w3.org/2001/XMLSchema-instance" xsi:noNamespaceSchemaLocation="https://raw.githubusercontent.com/junit-team/junit5/r5.5.1/platform-tests/src/test/resources/jenkins-junit.xsd">
  <testsuite name="src/DatabaseVulnerability.php" failures="1" errors="0" tests="9">
    <testcase name="src/DatabaseVulnerability.php:11" classname="MissingPropertyType" assertions="1">
      <skipped>message: Property App\DatabaseVulnerability::$pdo does not have a declared type - consider mixed
type: MissingPropertyType
snippet: private $pdo;
selected_text: $pdo
line: 11
column_from: 13
column_to: 17
</skipped>
    </testcase>
    <testcase name="src/DatabaseVulnerability.php:13" classname="MissingParamType" assertions="4">
      <skipped>message: Parameter $pdo has no provided type
type: MissingParamType
snippet: public function __construct($pdo)
selected_text: $pdo
line: 13
column_from: 33
column_to: 37
</skipped>
    </testcase>
    <testcase name="src/DatabaseVulnerability.php:22" classname="MissingParamType" assertions="4">
      <skipped>message: Parameter $id has no provided type
type: MissingParamType
snippet: public function getUserById($id)
selected_text: $id
line: 22
column_from: 33
column_to: 36
</skipped>
    </testcase>
    <testcase name="src/DatabaseVulnerability.php:33" classname="MissingParamType" assertions="4">
      <skipped>message: Parameter $name has no provided type
type: MissingParamType
snippet: public function searchUsers($name)
selected_text: $name
line: 33
column_from: 33
column_to: 38
</skipped>
    </testcase>
    <testcase name="src/DatabaseVulnerability.php:44" classname="MissingParamType" assertions="4">
      <skipped>message: Parameter $userId has no provided type
type: MissingParamType
snippet: public function deleteUser($userId)
selected_text: $userId
line: 44
column_from: 32
column_to: 39
</skipped>
    </testcase>
    <testcase name="src/DatabaseVulnerability.php:22" classname="MissingReturnType" assertions="3">
      <skipped>message: Method App\DatabaseVulnerability::getUserById does not have a return type
type: MissingReturnType
snippet: public function getUserById($id)
selected_text: getUserById
line: 22
column_from: 21
column_to: 32
</skipped>
    </testcase>
    <testcase name="src/DatabaseVulnerability.php:33" classname="MissingReturnType" assertions="3">
      <skipped>message: Method App\DatabaseVulnerability::searchUsers does not have a return type
type: MissingReturnType
snippet: public function searchUsers($name)
selected_text: searchUsers
line: 33
column_from: 21
column_to: 32
</skipped>
    </testcase>
    <testcase name="src/DatabaseVulnerability.php:44" classname="MissingReturnType" assertions="3">
      <skipped>message: Method App\DatabaseVulnerability::deleteUser does not have a return type
type: MissingReturnType
snippet: public function deleteUser($userId)
selected_text: deleteUser
line: 44
column_from: 21
column_to: 31
</skipped>
    </testcase>
    <testcase name="src/DatabaseVulnerability.php:44" classname="PossiblyUnusedMethod" assertions="1">
      <failure type="PossiblyUnusedMethod">message: Cannot find any calls to method App\DatabaseVulnerability::deleteUser
type: PossiblyUnusedMethod
snippet: public function deleteUser($userId)
selected_text: deleteUser
line: 44
column_from: 21
column_to: 31
</failure>
    </testcase>
  </testsuite>
  <testsuite name="src/DeadCodeVulnerability.php" failures="5" errors="0" tests="11">
    <testcase name="src/DeadCodeVulnerability.php:9" classname="UnusedClass" assertions="1">
      <failure type="UnusedClass">message: Class App\DeadCodeVulnerability is never used
type: UnusedClass
snippet: class DeadCodeVulnerability
selected_text: DeadCodeVulnerability
line: 9
column_from: 7
column_to: 28
</failure>
    </testcase>
    <testcase name="src/DeadCodeVulnerability.php:15" classname="MissingReturnType" assertions="5">
      <skipped>message: Method App\DeadCodeVulnerability::unreachableCode does not have a return type
type: MissingReturnType
snippet: public function unreachableCode($value)
selected_text: unreachableCode
line: 15
column_from: 21
column_to: 36
</skipped>
    </testcase>
    <testcase name="src/DeadCodeVulnerability.php:28" classname="MissingReturnType" assertions="5">
      <skipped>message: Method App\DeadCodeVulnerability::unusedMethod does not have a return type, expecting 'This method is never called'
type: MissingReturnType
snippet: private function unusedMethod()
selected_text: unusedMethod
line: 28
column_from: 22
column_to: 34
</skipped>
    </testcase>
    <testcase name="src/DeadCodeVulnerability.php:37" classname="MissingReturnType" assertions="5">
      <skipped>message: Method App\DeadCodeVulnerability::unusedVariable does not have a return type, expecting 'This is used'
type: MissingReturnType
snippet: public function unusedVariable()
selected_text: unusedVariable
line: 37
column_from: 21
column_to: 35
</skipped>
    </testcase>
    <testcase name="src/DeadCodeVulnerability.php:49" classname="MissingReturnType" assertions="5">
      <skipped>message: Method App\DeadCodeVulnerability::alwaysTrueCondition does not have a return type, expecting 'Always true'|'Never reached'
type: MissingReturnType
snippet: public function alwaysTrueCondition()
selected_text: alwaysTrueCondition
line: 49
column_from: 21
column_to: 40
</skipped>
    </testcase>
    <testcase name="src/DeadCodeVulnerability.php:63" classname="MissingReturnType" assertions="5">
      <skipped>message: Method App\DeadCodeVulnerability::infiniteLoop does not have a return type, expecting void
type: MissingReturnType
snippet: public function infiniteLoop()
selected_text: infiniteLoop
line: 63
column_from: 21
column_to: 33
</skipped>
    </testcase>
    <testcase name="src/DeadCodeVulnerability.php:15" classname="MissingParamType" assertions="1">
      <skipped>message: Parameter $value has no provided type
type: MissingParamType
snippet: public function unreachableCode($value)
selected_text: $value
line: 15
column_from: 37
column_to: 43
</skipped>
    </testcase>
    <testcase name="src/DeadCodeVulnerability.php:20" classname="UnevaluatedCode" assertions="2">
      <failure type="UnevaluatedCode">message: Expressions after return/throw/continue
type: UnevaluatedCode
snippet: echo "This will never execute";
selected_text: echo "This will never execute";
line: 20
column_from: 9
column_to: 40
</failure>
    </testcase>
    <testcase name="src/DeadCodeVulnerability.php:21" classname="UnevaluatedCode" assertions="2">
      <failure type="UnevaluatedCode">message: Expressions after return/throw/continue
type: UnevaluatedCode
snippet: $unused = "dead code";
selected_text: $unused = "dead code";
line: 21
column_from: 9
column_to: 31
</failure>
    </testcase>
    <testcase name="src/DeadCodeVulnerability.php:40" classname="UnusedVariable" assertions="1">
      <failure type="UnusedVariable">message: $unused is never referenced or the value is not used
type: UnusedVariable
snippet: $unused = "This is never used";
selected_text: $unused
line: 40
column_from: 9
column_to: 16
</failure>
    </testcase>
    <testcase name="src/DeadCodeVulnerability.php:52" classname="RedundantCondition" assertions="1">
      <failure type="RedundantCondition">message: Type 10 for $x is always &gt;= 5
type: RedundantCondition
snippet: if ($x &gt; 5) {
selected_text: $x &gt; 5
line: 52
column_from: 13
column_to: 19
</failure>
    </testcase>
  </testsuite>
  <testsuite name="src/EntryPoint.php" failures="1" errors="0" tests="1">
    <testcase name="src/EntryPoint.php:12" classname="UnusedClass" assertions="1">
      <failure type="UnusedClass">message: Class App\EntryPoint is never used
type: UnusedClass
snippet: class EntryPoint
selected_text: EntryPoint
line: 12
column_from: 7
column_to: 17
</failure>
    </testcase>
  </testsuite>
  <testsuite name="src/FileVulnerability.php" failures="2" errors="0" tests="12">
    <testcase name="src/FileVulnerability.php:15" classname="MissingReturnType" assertions="4">
      <skipped>message: Method App\FileVulnerability::readFile does not have a return type, expecting false|string
type: MissingReturnType
snippet: public function readFile($filename)
selected_text: readFile
line: 15
column_from: 21
column_to: 29
</skipped>
    </testcase>
    <testcase name="src/FileVulnerability.php:26" classname="MissingReturnType" assertions="4">
      <skipped>message: Method App\FileVulnerability::saveFile does not have a return type, expecting void
type: MissingReturnType
snippet: public function saveFile($path, $content)
selected_text: saveFile
line: 26
column_from: 21
column_to: 29
</skipped>
    </testcase>
    <testcase name="src/FileVulnerability.php:36" classname="MissingReturnType" assertions="4">
      <skipped>message: Method App\FileVulnerability::loadTemplate does not have a return type, expecting void
type: MissingReturnType
snippet: public function loadTemplate($templateName)
selected_text: loadTemplate
line: 36
column_from: 21
column_to: 33
</skipped>
    </testcase>
    <testcase name="src/FileVulnerability.php:46" classname="MissingReturnType" assertions="4">
      <skipped>message: Method App\FileVulnerability::handleUpload does not have a return type, expecting void
type: MissingReturnType
snippet: public function handleUpload($uploadedFile)
selected_text: handleUpload
line: 46
column_from: 21
column_to: 33
</skipped>
    </testcase>
    <testcase name="src/FileVulnerability.php:15" classname="MissingParamType" assertions="5">
      <skipped>message: Parameter $filename has no provided type
type: MissingParamType
snippet: public function readFile($filename)
selected_text: $filename
line: 15
column_from: 30
column_to: 39
</skipped>
    </testcase>
    <testcase name="src/FileVulnerability.php:26" classname="MissingParamType" assertions="5">
      <skipped>message: Parameter $path has no provided type
type: MissingParamType
snippet: public function saveFile($path, $content)
selected_text: $path
line: 26
column_from: 30
column_to: 35
</skipped>
    </testcase>
    <testcase name="src/FileVulnerability.php:26" classname="MissingParamType" assertions="5">
      <skipped>message: Parameter $content has no provided type
type: MissingParamType
snippet: public function saveFile($path, $content)
selected_text: $content
line: 26
column_from: 37
column_to: 45
</skipped>
    </testcase>
    <testcase name="src/FileVulnerability.php:36" classname="MissingParamType" assertions="5">
      <skipped>message: Parameter $templateName has no provided type
type: MissingParamType
snippet: public function loadTemplate($templateName)
selected_text: $templateName
line: 36
column_from: 34
column_to: 47
</skipped>
    </testcase>
    <testcase name="src/FileVulnerability.php:46" classname="MissingParamType" assertions="5">
      <skipped>message: Parameter $uploadedFile has no provided type
type: MissingParamType
snippet: public function handleUpload($uploadedFile)
selected_text: $uploadedFile
line: 46
column_from: 34
column_to: 47
</skipped>
    </testcase>
    <testcase name="src/FileVulnerability.php:36" classname="PossiblyUnusedMethod" assertions="2">
      <failure type="PossiblyUnusedMethod">message: Cannot find any calls to method App\FileVulnerability::loadTemplate
type: PossiblyUnusedMethod
snippet: public function loadTemplate($templateName)
selected_text: loadTemplate
line: 36
column_from: 21
column_to: 33
</failure>
    </testcase>
    <testcase name="src/FileVulnerability.php:46" classname="PossiblyUnusedMethod" assertions="2">
      <failure type="PossiblyUnusedMethod">message: Cannot find any calls to method App\FileVulnerability::handleUpload
type: PossiblyUnusedMethod
snippet: public function handleUpload($uploadedFile)
selected_text: handleUpload
line: 46
column_from: 21
column_to: 33
</failure>
    </testcase>
    <testcase name="src/FileVulnerability.php:39" classname="UnresolvableInclude" assertions="1">
      <skipped>message: Cannot resolve the given expression to a file path
type: UnresolvableInclude
snippet: include $templateName . '.php';
selected_text: include $templateName . '.php'
line: 39
column_from: 9
column_to: 39
</skipped>
    </testcase>
  </testsuite>
  <testsuite name="src/SecurityVulnerability.php" failures="7" errors="0" tests="19">
    <testcase name="src/SecurityVulnerability.php:15" classname="MissingReturnType" assertions="6">
      <skipped>message: Method App\SecurityVulnerability::generateToken does not have a return type, expecting non-falsy-string
type: MissingReturnType
snippet: public function generateToken()
selected_text: generateToken
line: 15
column_from: 21
column_to: 34
</skipped>
    </testcase>
    <testcase name="src/SecurityVulnerability.php:25" classname="MissingReturnType" assertions="6">
      <skipped>message: Method App\SecurityVulnerability::hashPassword does not have a return type, expecting non-falsy-string
type: MissingReturnType
snippet: public function hashPassword($password)
selected_text: hashPassword
line: 25
column_from: 21
column_to: 33
</skipped>
    </testcase>
    <testcase name="src/SecurityVulnerability.php:35" classname="MissingReturnType" assertions="6">
      <skipped>message: Method App\SecurityVulnerability::executeCode does not have a return type, expecting void
type: MissingReturnType
snippet: public function executeCode($code)
selected_text: executeCode
line: 35
column_from: 21
column_to: 32
</skipped>
    </testcase>
    <testcase name="src/SecurityVulnerability.php:45" classname="MissingReturnType" assertions="6">
      <skipped>message: Method App\SecurityVulnerability::pingHost does not have a return type, expecting false|null|string
type: MissingReturnType
snippet: public function pingHost($host)
selected_text: pingHost
line: 45
column_from: 21
column_to: 29
</skipped>
    </testcase>
    <testcase name="src/SecurityVulnerability.php:56" classname="MissingReturnType" assertions="6">
      <skipped>message: Method App\SecurityVulnerability::loadData does not have a return type
type: MissingReturnType
snippet: public function loadData($serializedData)
selected_text: loadData
line: 56
column_from: 21
column_to: 29
</skipped>
    </testcase>
    <testcase name="src/SecurityVulnerability.php:66" classname="MissingReturnType" assertions="6">
      <skipped>message: Method App\SecurityVulnerability::login does not have a return type, expecting void
type: MissingReturnType
snippet: public function login($username, $password)
selected_text: login
line: 66
column_from: 21
column_to: 26
</skipped>
    </testcase>
    <testcase name="src/SecurityVulnerability.php:15" classname="PossiblyUnusedMethod" assertions="3">
      <failure type="PossiblyUnusedMethod">message: Cannot find any calls to method App\SecurityVulnerability::generateToken
type: PossiblyUnusedMethod
snippet: public function generateToken()
selected_text: generateToken
line: 15
column_from: 21
column_to: 34
</failure>
    </testcase>
    <testcase name="src/SecurityVulnerability.php:25" classname="PossiblyUnusedMethod" assertions="3">
      <failure type="PossiblyUnusedMethod">message: Cannot find any calls to method App\SecurityVulnerability::hashPassword
type: PossiblyUnusedMethod
snippet: public function hashPassword($password)
selected_text: hashPassword
line: 25
column_from: 21
column_to: 33
</failure>
    </testcase>
    <testcase name="src/SecurityVulnerability.php:66" classname="PossiblyUnusedMethod" assertions="3">
      <failure type="PossiblyUnusedMethod">message: Cannot find any calls to method App\SecurityVulnerability::login
type: PossiblyUnusedMethod
snippet: public function login($username, $password)
selected_text: login
line: 66
column_from: 21
column_to: 26
</failure>
    </testcase>
    <testcase name="src/SecurityVulnerability.php:18" classname="InvalidScalarArgument" assertions="1">
      <failure type="InvalidScalarArgument">message: Argument 1 of md5 expects string, but int provided
type: InvalidScalarArgument
snippet: return md5(rand());
selected_text: rand()
line: 18
column_from: 20
column_to: 26
</failure>
    </testcase>
    <testcase name="src/SecurityVulnerability.php:25" classname="MissingParamType" assertions="6">
      <skipped>message: Parameter $password has no provided type
type: MissingParamType
snippet: public function hashPassword($password)
selected_text: $password
line: 25
column_from: 34
column_to: 43
</skipped>
    </testcase>
    <testcase name="src/SecurityVulnerability.php:35" classname="MissingParamType" assertions="6">
      <skipped>message: Parameter $code has no provided type
type: MissingParamType
snippet: public function executeCode($code)
selected_text: $code
line: 35
column_from: 33
column_to: 38
</skipped>
    </testcase>
    <testcase name="src/SecurityVulnerability.php:45" classname="MissingParamType" assertions="6">
      <skipped>message: Parameter $host has no provided type
type: MissingParamType
snippet: public function pingHost($host)
selected_text: $host
line: 45
column_from: 30
column_to: 35
</skipped>
    </testcase>
    <testcase name="src/SecurityVulnerability.php:56" classname="MissingParamType" assertions="6">
      <skipped>message: Parameter $serializedData has no provided type
type: MissingParamType
snippet: public function loadData($serializedData)
selected_text: $serializedData
line: 56
column_from: 30
column_to: 45
</skipped>
    </testcase>
    <testcase name="src/SecurityVulnerability.php:66" classname="MissingParamType" assertions="6">
      <skipped>message: Parameter $username has no provided type
type: MissingParamType
snippet: public function login($username, $password)
selected_text: $username
line: 66
column_from: 27
column_to: 36
</skipped>
    </testcase>
    <testcase name="src/SecurityVulnerability.php:66" classname="MissingParamType" assertions="6">
      <skipped>message: Parameter $password has no provided type
type: MissingParamType
snippet: public function login($username, $password)
selected_text: $password
line: 66
column_from: 38
column_to: 47
</skipped>
    </testcase>
    <testcase name="src/SecurityVulnerability.php:35" classname="PossiblyUnusedParam" assertions="2">
      <failure type="PossiblyUnusedParam">message: Param #1 is never referenced in this method
type: PossiblyUnusedParam
snippet: public function executeCode($code)
selected_text: $code
line: 35
column_from: 33
column_to: 38
</failure>
    </testcase>
    <testcase name="src/SecurityVulnerability.php:66" classname="PossiblyUnusedParam" assertions="2">
      <failure type="PossiblyUnusedParam">message: Param #2 is never referenced in this method
type: PossiblyUnusedParam
snippet: public function login($username, $password)
selected_text: $password
line: 66
column_from: 38
column_to: 47
</failure>
    </testcase>
    <testcase name="src/SecurityVulnerability.php:48" classname="ForbiddenCode" assertions="1">
      <failure type="ForbiddenCode">message: Unsafe shell_exec
type: ForbiddenCode
snippet: $output = shell_exec("ping -c 1 " . $host);
selected_text: shell_exec("ping -c 1 " . $host)
line: 48
column_from: 19
column_to: 51
</failure>
    </testcase>
  </testsuite>
  <testsuite name="src/TypeSafetyVulnerability.php" failures="3" errors="0" tests="15">
    <testcase name="src/TypeSafetyVulnerability.php:9" classname="UnusedClass" assertions="1">
      <failure type="UnusedClass">message: Class App\TypeSafetyVulnerability is never used
type: UnusedClass
snippet: class TypeSafetyVulnerability
selected_text: TypeSafetyVulnerability
line: 9
column_from: 7
column_to: 30
</failure>
    </testcase>
    <testcase name="src/TypeSafetyVulnerability.php:15" classname="MissingReturnType" assertions="6">
      <skipped>message: Method App\TypeSafetyVulnerability::useUndefinedVariable does not have a return type, expecting bool
type: MissingReturnType
snippet: public function useUndefinedVariable()
selected_text: useUndefinedVariable
line: 15
column_from: 21
column_to: 41
</skipped>
    </testcase>
    <testcase name="src/TypeSafetyVulnerability.php:28" classname="MissingReturnType" assertions="6">
      <skipped>message: Method App\TypeSafetyVulnerability::getUserName does not have a return type
type: MissingReturnType
snippet: public function getUserName($user)
selected_text: getUserName
line: 28
column_from: 21
column_to: 32
</skipped>
    </testcase>
    <testcase name="src/TypeSafetyVulnerability.php:38" classname="MissingReturnType" assertions="6">
      <skipped>message: Method App\TypeSafetyVulnerability::getData does not have a return type, expecting 'string data'|123
type: MissingReturnType
snippet: public function getData($flag)
selected_text: getData
line: 38
column_from: 21
column_to: 28
</skipped>
    </testcase>
    <testcase name="src/TypeSafetyVulnerability.php:50" classname="MissingReturnType" assertions="6">
      <skipped>message: Method App\TypeSafetyVulnerability::getConfigValue does not have a return type
type: MissingReturnType
snippet: public function getConfigValue($config, $key)
selected_text: getConfigValue
line: 50
column_from: 21
column_to: 35
</skipped>
    </testcase>
    <testcase name="src/TypeSafetyVulnerability.php:60" classname="MissingReturnType" assertions="6">
      <skipped>message: Method App\TypeSafetyVulnerability::calculateTotal does not have a return type
type: MissingReturnType
snippet: public function calculateTotal($price, $quantity)
selected_text: calculateTotal
line: 60
column_from: 21
column_to: 35
</skipped>
    </testcase>
    <testcase name="src/TypeSafetyVulnerability.php:70" classname="MissingReturnType" assertions="6">
      <skipped>message: Method App\TypeSafetyVulnerability::processOptionalData does not have a return type, expecting int&lt;0, max&gt;
type: MissingReturnType
snippet: public function processOptionalData(?string $data)
selected_text: processOptionalData
line: 70
column_from: 21
column_to: 40
</skipped>
    </testcase>
    <testcase name="src/TypeSafetyVulnerability.php:18" classname="UndefinedVariable" assertions="1">
      <failure type="UndefinedVariable">message: Cannot find referenced variable $result
type: UndefinedVariable
snippet: if ($result &gt; 0) {
selected_text: $result
line: 18
column_from: 13
column_to: 20
</failure>
    </testcase>
    <testcase name="src/TypeSafetyVulnerability.php:28" classname="MissingParamType" assertions="6">
      <skipped>message: Parameter $user has no provided type
type: MissingParamType
snippet: public function getUserName($user)
selected_text: $user
line: 28
column_from: 33
column_to: 38
</skipped>
    </testcase>
    <testcase name="src/TypeSafetyVulnerability.php:38" classname="MissingParamType" assertions="6">
      <skipped>message: Parameter $flag has no provided type
type: MissingParamType
snippet: public function getData($flag)
selected_text: $flag
line: 38
column_from: 29
column_to: 34
</skipped>
    </testcase>
    <testcase name="src/TypeSafetyVulnerability.php:50" classname="MissingParamType" assertions="6">
      <skipped>message: Parameter $config has no provided type
type: MissingParamType
snippet: public function getConfigValue($config, $key)
selected_text: $config
line: 50
column_from: 36
column_to: 43
</skipped>
    </testcase>
    <testcase name="src/TypeSafetyVulnerability.php:50" classname="MissingParamType" assertions="6">
      <skipped>message: Parameter $key has no provided type
type: MissingParamType
snippet: public function getConfigValue($config, $key)
selected_text: $key
line: 50
column_from: 45
column_to: 49
</skipped>
    </testcase>
    <testcase name="src/TypeSafetyVulnerability.php:60" classname="MissingParamType" assertions="6">
      <skipped>message: Parameter $price has no provided type
type: MissingParamType
snippet: public function calculateTotal($price, $quantity)
selected_text: $price
line: 60
column_from: 36
column_to: 42
</skipped>
    </testcase>
    <testcase name="src/TypeSafetyVulnerability.php:60" classname="MissingParamType" assertions="6">
      <skipped>message: Parameter $quantity has no provided type
type: MissingParamType
snippet: public function calculateTotal($price, $quantity)
selected_text: $quantity
line: 60
column_from: 44
column_to: 53
</skipped>
    </testcase>
    <testcase name="src/TypeSafetyVulnerability.php:73" classname="PossiblyNullArgument" assertions="1">
      <failure type="PossiblyNullArgument">message: Argument 1 of strlen cannot be null, possibly null value provided
type: PossiblyNullArgument
snippet: return strlen($data);
selected_text: $data
line: 73
column_from: 23
column_to: 28
</failure>
    </testcase>
  </testsuite>
  <testsuite name="src/XssVulnerability.php" failures="1" errors="0" tests="10">
    <testcase name="src/XssVulnerability.php:15" classname="MissingReturnType" assertions="4">
      <skipped>message: Method App\XssVulnerability::displayUserInput does not have a return type, expecting void
type: MissingReturnType
snippet: public function displayUserInput($userInput)
selected_text: displayUserInput
line: 15
column_from: 21
column_to: 37
</skipped>
    </testcase>
    <testcase name="src/XssVulnerability.php:25" classname="MissingReturnType" assertions="4">
      <skipped>message: Method App\XssVulnerability::renderComment does not have a return type, expecting non-falsy-string
type: MissingReturnType
snippet: public function renderComment($comment)
selected_text: renderComment
line: 25
column_from: 21
column_to: 34
</skipped>
    </testcase>
    <testcase name="src/XssVulnerability.php:34" classname="MissingReturnType" assertions="4">
      <skipped>message: Method App\XssVulnerability::showMessage does not have a return type, expecting void
type: MissingReturnType
snippet: public function showMessage($message)
selected_text: showMessage
line: 34
column_from: 21
column_to: 32
</skipped>
    </testcase>
    <testcase name="src/XssVulnerability.php:43" classname="MissingReturnType" assertions="4">
      <skipped>message: Method App\XssVulnerability::createLink does not have a return type, expecting non-falsy-string
type: MissingReturnType
snippet: public function createLink($url, $title)
selected_text: createLink
line: 43
column_from: 21
column_to: 31
</skipped>
    </testcase>
    <testcase name="src/XssVulnerability.php:15" classname="MissingParamType" assertions="5">
      <skipped>message: Parameter $userInput has no provided type
type: MissingParamType
snippet: public function displayUserInput($userInput)
selected_text: $userInput
line: 15
column_from: 38
column_to: 48
</skipped>
    </testcase>
    <testcase name="src/XssVulnerability.php:25" classname="MissingParamType" assertions="5">
      <skipped>message: Parameter $comment has no provided type
type: MissingParamType
snippet: public function renderComment($comment)
selected_text: $comment
line: 25
column_from: 35
column_to: 43
</skipped>
    </testcase>
    <testcase name="src/XssVulnerability.php:34" classname="MissingParamType" assertions="5">
      <skipped>message: Parameter $message has no provided type
type: MissingParamType
snippet: public function showMessage($message)
selected_text: $message
line: 34
column_from: 33
column_to: 41
</skipped>
    </testcase>
    <testcase name="src/XssVulnerability.php:43" classname="MissingParamType" assertions="5">
      <skipped>message: Parameter $url has no provided type
type: MissingParamType
snippet: public function createLink($url, $title)
selected_text: $url
line: 43
column_from: 32
column_to: 36
</skipped>
    </testcase>
    <testcase name="src/XssVulnerability.php:43" classname="MissingParamType" assertions="5">
      <skipped>message: Parameter $title has no provided type
type: MissingParamType
snippet: public function createLink($url, $title)
selected_text: $title
line: 43
column_from: 38
column_to: 44
</skipped>
    </testcase>
    <testcase name="src/XssVulnerability.php:43" classname="PossiblyUnusedMethod" assertions="1">
      <failure type="PossiblyUnusedMethod">message: Cannot find any calls to method App\XssVulnerability::createLink
type: PossiblyUnusedMethod
snippet: public function createLink($url, $title)
selected_text: createLink
line: 43
column_from: 21
column_to: 31
</failure>
    </testcase>
  </testsuite>
</testsuites>
